std::numeric_limits<double>::is_specialized = 1
std::numeric_limits<double>::min () = 2.22507e-308
std::numeric_limits<double>::max () = 1.79769e+308
std::numeric_limits<double>::digits = 53
std::numeric_limits<double>::digits10 = 15
std::numeric_limits<double>::is_signed = 1
std::numeric_limits<double>::is_integer = 0
std::numeric_limits<double>::is_exact = 0
std::numeric_limits<double>::radix = 2
std::numeric_limits<double>::epsilon () = 2.22045e-16
std::numeric_limits<double>::round_error () = 0.5
std::numeric_limits<double>::min_exponent = -1021
std::numeric_limits<double>::min_exponent10 = -307
std::numeric_limits<double>::max_exponent = 1024
std::numeric_limits<double>::max_exponent10 = 308
std::numeric_limits<double>::has_infinity = 1
std::numeric_limits<double>::has_quiet_NaN = 1
std::numeric_limits<double>::has_signaling_NaN = 1
std::numeric_limits<double>::has_denorm = 1
std::numeric_limits<double>::has_denorm_loss = 0
std::numeric_limits<double>::infinity () = inf
std::numeric_limits<double>::quiet_NaN () = nan
std::numeric_limits<double>::signaling_NaN () = nan
std::numeric_limits<double>::denorm_min () = 4.94066e-324
std::numeric_limits<double>::is_iec559 = 1
std::numeric_limits<double>::is_bounded = 1
std::numeric_limits<double>::is_modulo = 0
std::numeric_limits<double>::traps = 1
std::numeric_limits<double>::tinyness_before = 0
std::numeric_limits<double>::round_style = 1
